<?xml version="1.0" encoding="UTF-8"?>
<!-- Generated by org.testng.reporters.JUnitXMLReporter -->
<testsuite ignored="5" hostname="DESKTOP-2F06FPA" failures="0" tests="1" name="Default test" time="25.423" errors="0" timestamp="2026-05-17T20:34:51 IST">
  <testcase classname="tests.LoginTest" name="Login_withExcel_Test" time="3.111"/>
  <testcase classname="tests.LoginTest" name="verifyBlankpasswordErrorMessage" time="0.0">
    <ignored/>
  </testcase> <!-- verifyBlankpasswordErrorMessage -->
  <testcase classname="tests.LoginTest" name="verifyBlankUsernameErrorMessage" time="0.0">
    <ignored/>
  </testcase> <!-- verifyBlankUsernameErrorMessage -->
  <testcase classname="tests.LoginTest" name="invalid_Login_Test" time="0.0">
    <ignored/>
  </testcase> <!-- invalid_Login_Test -->
  <testcase classname="tests.LoginTest" name="valid_Login_Test" time="0.0">
    <ignored/>
  </testcase> <!-- valid_Login_Test -->
  <testcase classname="tests.LoginTest" name="valid_Logout" time="0.0">
    <ignored/>
  </testcase> <!-- valid_Logout -->
</testsuite> <!-- Default test -->
