<?xml version="1.0" encoding="UTF-8"?>
<!-- Generated by org.testng.reporters.JUnitXMLReporter -->
<testsuite ignored="0" hostname="DESKTOP-2F06FPA" failures="1" tests="6" name="Login Tests" time="73.792" errors="0" timestamp="2026-05-17T20:52:41 IST">
  <testcase classname="tests.LoginTest" name="Login_withExcel_Test" time="4.514"/>
  <testcase classname="tests.LoginTest" name="invalid_Login_Test" time="7.351">
    <failure type="com.microsoft.playwright.impl.TargetClosedError" message="Error {
  message=&amp;apos;Target page, context or browser has been closed
  name=&amp;apos;TargetClosedError
  stack=&amp;apos;TargetClosedError: Target page, context or browser has been closed
    at PageDispatcher._dispose (C:\Users\Lenovo\AppData\Local\Temp\playwright-java-4467900041282012305\package\lib\server\dispatchers\dispatcher.js:105:30)
    at Page.&amp;lt;anonymous&amp;gt; (C:\Users\Lenovo\AppData\Local\Temp\playwright-java-4467900041282012305\package\lib\server\dispatchers\pageDispatcher.js:72:12)
    at Page.emit (node:events:508:28)
    at Page._didClose (C:\Users\Lenovo\AppData\Local\Temp\playwright-java-4467900041282012305\package\lib\server\page.js:165:10)
    at CRPage.didClose (C:\Users\Lenovo\AppData\Local\Temp\playwright-java-4467900041282012305\package\lib\server\chromium\crPage.js:126:16)
    at CRBrowser._onDetachedFromTarget (C:\Users\Lenovo\AppData\Local\Temp\playwright-java-4467900041282012305\package\lib\server\chromium\crBrowser.js:184:14)
    at CRSession.emit (node:events:508:28)
    at C:\Users\Lenovo\AppData\Local\Temp\playwright-java-4467900041282012305\package\lib\server\chromium\crConnection.js:133:14
}
Call log:
-   - waiting for getByText(&amp;quot;Invalid credentials&amp;quot;)
">
      <![CDATA[com.microsoft.playwright.impl.TargetClosedError: Error {
  message='Target page, context or browser has been closed
  name='TargetClosedError
  stack='TargetClosedError: Target page, context or browser has been closed
    at PageDispatcher._dispose (C:\Users\Lenovo\AppData\Local\Temp\playwright-java-4467900041282012305\package\lib\server\dispatchers\dispatcher.js:105:30)
    at Page.<anonymous> (C:\Users\Lenovo\AppData\Local\Temp\playwright-java-4467900041282012305\package\lib\server\dispatchers\pageDispatcher.js:72:12)
    at Page.emit (node:events:508:28)
    at Page._didClose (C:\Users\Lenovo\AppData\Local\Temp\playwright-java-4467900041282012305\package\lib\server\page.js:165:10)
    at CRPage.didClose (C:\Users\Lenovo\AppData\Local\Temp\playwright-java-4467900041282012305\package\lib\server\chromium\crPage.js:126:16)
    at CRBrowser._onDetachedFromTarget (C:\Users\Lenovo\AppData\Local\Temp\playwright-java-4467900041282012305\package\lib\server\chromium\crBrowser.js:184:14)
    at CRSession.emit (node:events:508:28)
    at C:\Users\Lenovo\AppData\Local\Temp\playwright-java-4467900041282012305\package\lib\server\chromium\crConnection.js:133:14
}
Call log:
-   - waiting for getByText("Invalid credentials")

at com.microsoft.playwright.impl.WaitableResult.get(WaitableResult.java:54)
at com.microsoft.playwright.impl.ChannelOwner.runUntil(ChannelOwner.java:138)
at com.microsoft.playwright.impl.Connection.sendMessage(Connection.java:131)
at com.microsoft.playwright.impl.ChannelOwner.sendMessage(ChannelOwner.java:124)
at com.microsoft.playwright.impl.FrameImpl.textContent(FrameImpl.java:776)
at com.microsoft.playwright.impl.LocatorImpl.textContent(LocatorImpl.java:622)
at com.microsoft.playwright.Locator.textContent(Locator.java:5370)
at pages.LoginPage.getLoginErrormessage(LoginPage.java:102)
at tests.LoginTest.invalid_Login_Test(LoginTest.java:53)
at java.base/java.util.concurrent.Executors$RunnableAdapter.call(Executors.java:572)
at java.base/java.util.concurrent.FutureTask.run(FutureTask.java:317)
at java.base/java.util.concurrent.ThreadPoolExecutor.runWorker(ThreadPoolExecutor.java:1144)
at java.base/java.util.concurrent.ThreadPoolExecutor$Worker.run(ThreadPoolExecutor.java:642)
at java.base/java.lang.Thread.run(Thread.java:1583)
Caused by: com.microsoft.playwright.impl.TargetClosedError: Error {
  message='Target page, context or browser has been closed
  name='TargetClosedError
  stack='TargetClosedError: Target page, context or browser has been closed
    at PageDispatcher._dispose (C:\Users\Lenovo\AppData\Local\Temp\playwright-java-4467900041282012305\package\lib\server\dispatchers\dispatcher.js:105:30)
    at Page.<anonymous> (C:\Users\Lenovo\AppData\Local\Temp\playwright-java-4467900041282012305\package\lib\server\dispatchers\pageDispatcher.js:72:12)
    at Page.emit (node:events:508:28)
    at Page._didClose (C:\Users\Lenovo\AppData\Local\Temp\playwright-java-4467900041282012305\package\lib\server\page.js:165:10)
    at CRPage.didClose (C:\Users\Lenovo\AppData\Local\Temp\playwright-java-4467900041282012305\package\lib\server\chromium\crPage.js:126:16)
    at CRBrowser._onDetachedFromTarget (C:\Users\Lenovo\AppData\Local\Temp\playwright-java-4467900041282012305\package\lib\server\chromium\crBrowser.js:184:14)
    at CRSession.emit (node:events:508:28)
    at C:\Users\Lenovo\AppData\Local\Temp\playwright-java-4467900041282012305\package\lib\server\chromium\crConnection.js:133:14
}
Call log:
-   - waiting for getByText("Invalid credentials")

at com.microsoft.playwright.impl.Connection.dispatch(Connection.java:259)
at com.microsoft.playwright.impl.Connection.processOneMessage(Connection.java:214)
at com.microsoft.playwright.impl.ChannelOwner.runUntil(ChannelOwner.java:136)
at com.microsoft.playwright.impl.Connection.sendMessage(Connection.java:131)
at com.microsoft.playwright.impl.ChannelOwner.sendMessage(ChannelOwner.java:124)
at com.microsoft.playwright.impl.PageImpl.close(PageImpl.java:549)
at com.microsoft.playwright.Page.close(Page.java:3978)
at base.BaseTest.tearDown(BaseTest.java:95)
... 12 more
... Removed 20 stack frames]]>
    </failure>
  </testcase> <!-- invalid_Login_Test -->
  <testcase classname="tests.LoginTest" name="valid_Login_Test" time="2.893"/>
  <testcase classname="tests.LoginTest" name="valid_Logout" time="5.429"/>
  <testcase classname="tests.LoginTest" name="verifyBlankUsernameErrorMessage" time="1.123"/>
  <testcase classname="tests.LoginTest" name="verifyBlankpasswordErrorMessage" time="0.916"/>
</testsuite> <!-- Login Tests -->
