<?xml version="1.0" encoding="UTF-8"?>
<!-- Generated by org.testng.reporters.JUnitXMLReporter -->
<testsuite ignored="4" hostname="DESKTOP-2F06FPA" failures="0" tests="2" name="Single Test" time="42.986" errors="0" timestamp="2026-05-17T21:04:13 IST">
  <testcase classname="tests.LoginTest" name="invalid_Login_Test" time="2.332"/>
  <testcase classname="tests.LoginTest" name="Login_withExcel_Test" time="4.414"/>
  <testcase classname="tests.LoginTest" name="verifyBlankUsernameErrorMessage" time="0.0">
    <ignored/>
  </testcase> <!-- verifyBlankUsernameErrorMessage -->
  <testcase classname="tests.LoginTest" name="verifyBlankpasswordErrorMessage" time="0.0">
    <ignored/>
  </testcase> <!-- verifyBlankpasswordErrorMessage -->
  <testcase classname="tests.LoginTest" name="valid_Login_Test" time="0.0">
    <ignored/>
  </testcase> <!-- valid_Login_Test -->
  <testcase classname="tests.LoginTest" name="valid_Logout" time="0.0">
    <ignored/>
  </testcase> <!-- valid_Logout -->
</testsuite> <!-- Single Test -->
